[2025-03-31 06:21:07] Logger initialized successfully.
[2025-03-31 06:21:19] New Operation logging
[2025-03-31 06:21:19] Result: {
    "order": {
        "amount": 50.0,
        "api": true,
        "average_price": 0.0,
        "contracts": 5.0,
        "creation_timestamp": 1743382279231,
        "direction": "buy",
        "filled_amount": 0.0,
        "instrument_name": "BTC-PERPETUAL",
        "is_liquidation": false,
        "label": "",
        "last_update_timestamp": 1743382279231,
        "max_show": 50.0,
        "mmp": false,
        "order_id": "40275306888",
        "order_state": "open",
        "order_type": "limit",
        "post_only": false,
        "price": 50.0,
        "reduce_only": false,
        "replaced": false,
        "risk_reducing": false,
        "time_in_force": "good_til_cancelled",
        "web": false
    },
    "trades": []
}
[2025-03-31 06:21:32] New Operation logging
[2025-03-31 06:21:32] Result: {
    "order": {
        "amount": 50.0,
        "api": true,
        "average_price": 0.0,
        "contracts": 5.0,
        "creation_timestamp": 1743382292758,
        "direction": "buy",
        "filled_amount": 0.0,
        "instrument_name": "BTC-PERPETUAL",
        "is_liquidation": false,
        "label": "",
        "last_update_timestamp": 1743382292758,
        "max_show": 50.0,
        "mmp": false,
        "order_id": "40275330046",
        "order_state": "open",
        "order_type": "limit",
        "post_only": false,
        "price": 50.0,
        "reduce_only": false,
        "replaced": false,
        "risk_reducing": false,
        "time_in_force": "good_til_cancelled",
        "web": false
    },
    "trades": []
}
[2025-03-31 06:21:55] New Operation logging
[2025-03-31 06:21:55] Result: [
    "book.ETH-PERPETUAL.100ms"
]
[2025-03-31 06:22:20] New Operation logging
[2025-03-31 06:22:20] Result not found. Printing entire JSON: {
    "jsonrpc": "2.0",
    "method": "subscription",
    "params": {
        "channel": "book.ETH-PERPETUAL.100ms",
        "data": {
            "asks": [
                [
                    "new",
                    
                    1782.8,
                    69810.0
                ],
                [
                    "new",
                    1782.85,
                    17066.0
                ],
                [
                    "new",
                    1782.95,
                    7800.0
                ],
                [
                    "new",
                    1783.0,
                    34760.0
                ],
                [
                    "new",
                    1783.05,
                    25000.0
                ],
                [
                    "new",
                    1783.1,
                    39830.0
                ],
                [
                    "new",
                    1783.15,
                    39431.0
                ],
                [
                    "new",
                    1783.2,
                    96658.0
                ],
                [
                    "new",
                    1783.25,
                    28123.0
                ],
                [
                    "new",
                    1783.3,
                    5492.0
                ],
                [
                    "new",
                    1783.35,
                    53745.0
                ],
                [
                    "new",
                    1783.4,
                    11684.0
                ],
                [
                    "new",
                    1783.45,
                    2384.0
                ],
                [
                    "new",
                    1783.5,
                    4216.0
                ],
                [
                    "new",
                    1783.55,
                    2467.0
                ],
                [
                    "new",
                    1783.6,
                    14715.0
                ],
                [
                    "new",
                    1783.65,
                    9985.0
                ],
                [
                    "new",
                    1783.7,
                    29510.0
                ],
                [
                    "new",
                    1783.75,
                    3114.0
                ],
                [
                    "new",
                    1783.8,
                    4778128.0
                ],
                [
                    "new",
                    1792.7,
                    100.0
                ],
                [
                    "new",
                    1799.8,
                    700.0
                ],
                [
                    "new",
                    1925.0,
                    5.0
                ],
                [
                    "new",
                    1944.0,
                    10.0
                ],
                [
                    "new",
                    1964.0,
                    10.0
                ],
                [
                    "new",
                    2341.0,
                    26.0
                ],
                [
                    "new",
                    2400.0,
                    2400.0
                ],
                [
                    "new",
                    2571.75,
                    1.0
                ],
                [
                    "new",
                    3024.2,
                    1000000.0
                ],
                [
                    "new",
                    4000.0,
                    92.0
                ],
                [
                    "new",
                    4048.1,
                    4.0
                ],
                [
                    "new",
                    4160.0,
                    16.0
                ],
                [
                    "new",
                    4500.0,
                    135.0
                ],
                [
                    "new",
                    5000.0,
                    15450.0
                ],
                [
                    "new",
                    5555.0,
                    10001.0
                ],
                [
                    "new",
                    7180.4,
                    1.0
                ],
                [
                    "new",
                    9999.95,
                    1.0
                ],
                [
                    "new",
                    10000.0,
                    15.0
                ],
                [
                    "new",
                    11000.0,
                    20.0
                ],
                [
                    "new",
                    18285.0,
                    30000.0
                ],
                [
                    "new",
                    20000.0,
                    3400.0
                ],
                [
                    "new",
                    30100.0,
                    170.0
                ],
                [
                    "new",
                    38500.0,
                    40.0
                ],
                [
                    "new",
                    50000.0,
                    11.0
                ],
                [
                    "new",
                    51853.0,
                    10.0
                ],
                [
                    "new",
                    90000.0,
                    2000.0
                ]
            ],
            "bids": [
                [
                    "new",
                    1782.75,
                    176.0
                ],
                [
                    "new",
                    1782.55,
                    30000.0
                ],
                [
                    "new",
                    1782.5,
                    196.0
                ],
                [
                    "new",
                    1782.3,
                    2310.0
                ],
                [
                    "new",
                    1782.25,
                    7700.0
                ],
                [
                    "new",
                    1782.2,
                    3635.0
                ],
                [
                    "new",
                    1782.15,
                    10479.0
                ],
                [
                    "new",
                    1782.1,
                    5492790.0
                ],
                [
                    "new",
                    1782.05,
                    2711.0
                ],
                [
                    "new",
                    1782.0,
                    25727.0
                ],
                [
                    "new",
                    1781.95,
                    7252.0
                ],
                [
                    "new",
                    1781.9,
                    27974.0
                ],
                [
                    "new",
                    1781.85,
                    62263.0
                ],
                [
                    "new",
                    1781.8,
                    7538.0
                ],
                [
                    "new",
                    1781.75,
                    80400.0
                ],
                [
                    "new",
                    1781.7,
                    492.0
                ],
                [
                    "new",
                    1781.65,
                    4288.0
                ],
                [
                    "new",
                    1781.6,
                    7435.0
                ],
                [
                    "new",
                    1781.55,
                    43417.0
                ],
                [
                    "new",
                    1781.5,
                    100.0
                ],
                [
                    "new",
                    1781.45,
                    2829.0
                ],
                [
                    "new",
                    1777.0,
                    500.0
                ],
                [
                    "new",
                    1774.65,
                    500.0
                ],
                [
                    "new",
                    1763.9,
                    700.0
                ],
                [
                    "new",
                    1752.1,
                    1700.0
                ],
                [
                    "new",
                    1500.0,
                    1402018.0
                ],
                [
                    "new",
                    1386.9,
                    4.0
                ],
                [
                    "new",
                    1359.3,
                    1.0
                ],
                [
                    "new",
                    1350.0,
                    10.0
                ],
                [
                    "new",
                    1242.0,
                    64580.0
                ],
                [
                    "new",
                    1234.0,
                    120.0
                ],
                [
                    "new",
                    1215.1,
                    223.0
                ],
                [
                    "new",
                    1200.0,
                    509.0
                ],
                [
                    "new",
                    1199.9,
                    10000.0
                ],
                [
                    "new",
                    1193.9,
                    20000.0
                ],
                [
                    "new",
                    1102.0,
                    43740.0
                ],
                [
                    "new",
                    1000.0,
                    806.0
                ],
                [
                    "new",
                    942.0,
                    131220.0
                ],
                [
                    "new",
                    900.0,
                    4600.0
                ],
                [
                    "new",
                    800.0,
                    17400.0
                ],
                [
                    "new",
                    762.0,
                    393660.0
                ],
                [
                    "new",
                    750.8,
                    386.0
                ],
                [
                    "new",
                    701.0,
                    45.0
                ],
                [
                    "new",
                    691.0,
                    49.0
                ],
                [
                    "new",
                    681.0,
                    53.0
                ],
                [
                    "new",
                    671.0,
                    56.0
                ],
                [
                    "new",
                    661.0,
                    59.0
                ],
                [
                    "new",
                    651.0,
                    61.0
                ],
                [
                    "new",
                    641.0,
                    61.0
                ],
                [
                    "new",
                    631.0,
                    62.0
                ],
                [
                    "new",
                    623.45,
                    915.0
                ],
                [
                    "new",
                    621.0,
                    62.0
                ],
                [
                    "new",
                    611.0,
                    60.0
                ],
                [
                    "new",
                    601.0,
                    58.0
                ],
                [
                    "new",
                    600.0,
                    2509.0
                ],
                [
                    "new",
                    591.0,
                    55.0
                ],
                [
                    "new",
                    581.0,
                    52.0
                ],
                [
                    "new",
                    571.0,
                    47.0
                ],
                [
                    "new",
                    561.0,
                    43.0
                ],
                [
                    "new",
                    551.0,
                    37.0
                ],
                [
                    "new",
                    541.0,
                    32.0
                ],
                [
                    "new",
                    531.0,
                    27.0
                ],
                [
                    "new",
                    524.0,
                    87474.0
                ],
                [
                    "new",
                    521.0,
                    22.0
                ],
                [
                    "new",
                    511.0,
                    17.0
                ],
                [
                    "new",
                    501.0,
                    13.0
                ],
                [
                    "new",
                    500.0,
                    3129.0
                ],
                [
                    "new",
                    400.0,
                    250033.0
                ],
                [
                    "new",
                    350.0,
                    240.0
                ],
                [
                    "new",
                    345.0,
                    50.0
                ],
                [
                    "new",
                    332.1,
                    301.0
                ],
                [
                    "new",
                    324.65,
                    482.0
                ],
                [
                    "new",
                    317.2,
                    784.0
                ],
                [
                    "new",
                    309.75,
                    1267.0
                ],
                [
                    "new",
                    302.35,
                    2052.0
                ],
                [
                    "new",
                    300.0,
                    251006.0
                ],
                [
                    "new",
                    294.9,
                    3320.0
                ],
                [
                    "new",
                    287.45,
                    5372.0
                ],
                [
                    "new",
                    260.0,
                    500000.0
                ],
                [
                    "new",
                    222.0,
                    20.0
                ],
                [
                    "new",
                    212.0,
                    2.0
                ],
                [
                    "new",
                    200.0,
                    2062.0
                ],
                [
                    "new",
                    199.0,
                    100.0
                ],
                [
                    "new",
                    195.0,
                    2000.0
                ],
                [
                    "new",
                    192.0,
                    2.0
                ],
                [
                    "new",
                    181.0,
                    120000.0
                ],
                [
                    "new",
                    172.05,
                    30.0
                ],
                [
                    "new",
                    143.55,
                    20.0
                ],
                [
                    "new",
                    140.0,
                    100000.0
                ],
                [
                    "new",
                    135.0,
                    200010.0
                ],
                [
                    "new",
                    130.0,
                    300020.0
                ],
                [
                    "new",
                    125.0,
                    400020.0
                ],
                [
                    "new",
                    121.0,
                    12.0
                ],
                [
                    "new",
                    120.0,
                    130.0
                ],
                [
                    "new",
                    115.0,
                    20.0
                ],
                [
                    "new",
                    110.0,
                    30.0
                ],
                [
                    "new",
                    105.0,
                    20.0
                ],
                [
                    "new",
                    101.0,
                    10.0
                ],
                [
                    "new",
                    100.0,
                    1118.0
                ],
                [
                    "new",
                    60.0,
                    220.0
                ],
                [
                    "new",
                    58.0,
                    1.0
                ],
                [
                    "new",
                    55.0,
                    45.0
                ],
                [
                    "new",
                    50.0,
                    710.0
                ],
                [
                    "new",
                    45.0,
                    10000005.0
                ],
                [
                    "new",
                    32.0,
                    5.0
                ],
                [
                    "new",
                    30.0,
                    50.0
                ],
                [
                    "new",
                    29.0,
                    220.0
                ],
                [
                    "new",
                    22.2,
                    1.0
                ],
                [
                    "new",
                    21.0,
                    10.0
                ],
                [
                    "new",
                    20.0,
                    2150.0
                ],
                [
                    "new",
                    10.0,
                    370.0
                ],
                [
                    "new",
                    9.95,
                    1.0
                ],
                [
                    "new",
                    6.0,
                    200.0
                ],
                [
                    "new",
                    5.0,
                    43.0
                ],
                [
                    "new",
                    4.0,
                    1844.0
                ],
                [
                    "new",
                    1.45,
                    1330.0
                ],
                [
                    "new",
                    1.1,
                    7.0
                ],
                [
                    "new",
                    1.0,
                    86.0
                ],
                [
                    "new",
                    0.5,
                    24.0
                ]
            ],
            "change_id": 23126024803,
            "instrument_name": "ETH-PERPETUAL",
            "timestamp": 1743382314574,
            "type": "snapshot"
        }
    }
}
